{
  "stats": {
    "suites": 1,
    "tests": 1,
    "passes": 1,
    "pending": 0,
    "failures": 0,
    "start": "2021-11-10T15:19:48.306Z",
    "end": "2021-11-10T15:19:52.858Z",
    "duration": 4552,
    "testsRegistered": 1,
    "passPercent": 100,
    "pendingPercent": 0,
    "other": 0,
    "hasOther": false,
    "skipped": 0,
    "hasSkipped": false
  },
  "results": [
    {
      "uuid": "6c72999a-0db1-4699-8ae2-b5f5c6556160",
      "title": "",
      "fullFile": "cypress/integration/multiple_items_to_basket/multiple_items_to_basket.spec.js",
      "file": "cypress/integration/multiple_items_to_basket/multiple_items_to_basket.spec.js",
      "beforeHooks": [],
      "afterHooks": [],
      "tests": [],
      "suites": [
        {
          "uuid": "1ed2c439-0e73-4e34-8313-7a1e084ddce2",
          "title": "Iterating over elements",
          "fullFile": "",
          "file": "",
          "beforeHooks": [],
          "afterHooks": [],
          "tests": [
            {
              "title": "Add items to basket",
              "fullTitle": "Iterating over elements Add items to basket",
              "timedOut": null,
              "duration": 2490,
              "state": "passed",
              "speed": "slow",
              "pass": true,
              "fail": false,
              "pending": false,
              "context": null,
              "code": "// If condition checks witch browser was started\nif (Cypress.isBrowser('firefox') || Cypress.isBrowser('chrome')) {\n  haircare.addHaircareProducts();\n} else {\n  cy.log('Not supproted browser, no logic here');\n}",
              "err": {},
              "uuid": "2e79a5b2-e101-400f-95dd-09be750d1fb8",
              "parentUUID": "1ed2c439-0e73-4e34-8313-7a1e084ddce2",
              "isHook": false,
              "skipped": false
            }
          ],
          "suites": [],
          "passes": [
            "2e79a5b2-e101-400f-95dd-09be750d1fb8"
          ],
          "failures": [],
          "pending": [],
          "skipped": [],
          "duration": 2490,
          "root": false,
          "rootEmpty": false,
          "_timeout": 2000
        }
      ],
      "passes": [],
      "failures": [],
      "pending": [],
      "skipped": [],
      "duration": 0,
      "root": true,
      "rootEmpty": true,
      "_timeout": 2000
    }
  ],
  "meta": {
    "mocha": {
      "version": "7.0.1"
    },
    "mochawesome": {
      "options": {
        "quiet": false,
        "reportFilename": "mochawesome",
        "saveHtml": false,
        "saveJson": true,
        "consoleReporter": "spec",
        "useInlineDiffs": false,
        "code": true
      },
      "version": "7.0.1"
    },
    "marge": {
      "options": {
        "reportDir": "cypress/results",
        "overwrite": false,
        "html": false,
        "json": true
      },
      "version": "6.0.1"
    }
  }
}