{
  "stats": {
    "suites": 1,
    "tests": 1,
    "passes": 1,
    "pending": 0,
    "failures": 0,
    "start": "2021-11-10T08:02:06.609Z",
    "end": "2021-11-10T08:02:11.442Z",
    "duration": 4833,
    "testsRegistered": 1,
    "passPercent": 100,
    "pendingPercent": 0,
    "other": 0,
    "hasOther": false,
    "skipped": 0,
    "hasSkipped": false
  },
  "results": [
    {
      "uuid": "42afeed0-ceb3-4e99-92f9-121b13025ac8",
      "title": "",
      "fullFile": "cypress/integration/multiple_items_to_basket/multiple_items_to_basket.spec.js",
      "file": "cypress/integration/multiple_items_to_basket/multiple_items_to_basket.spec.js",
      "beforeHooks": [],
      "afterHooks": [],
      "tests": [],
      "suites": [
        {
          "uuid": "7fa350f8-9a1f-4550-b862-ed17b0abdb71",
          "title": "Iterating over elements",
          "fullFile": "",
          "file": "",
          "beforeHooks": [],
          "afterHooks": [],
          "tests": [
            {
              "title": "Add items to basket",
              "fullTitle": "Iterating over elements Add items to basket",
              "timedOut": null,
              "duration": 3175,
              "state": "passed",
              "speed": "slow",
              "pass": true,
              "fail": false,
              "pending": false,
              "context": null,
              "code": "haircare.addHaircareProducts();",
              "err": {},
              "uuid": "71c085c0-b029-4a16-a471-787f13535eb2",
              "parentUUID": "7fa350f8-9a1f-4550-b862-ed17b0abdb71",
              "isHook": false,
              "skipped": false
            }
          ],
          "suites": [],
          "passes": [
            "71c085c0-b029-4a16-a471-787f13535eb2"
          ],
          "failures": [],
          "pending": [],
          "skipped": [],
          "duration": 3175,
          "root": false,
          "rootEmpty": false,
          "_timeout": 2000
        }
      ],
      "passes": [],
      "failures": [],
      "pending": [],
      "skipped": [],
      "duration": 0,
      "root": true,
      "rootEmpty": true,
      "_timeout": 2000
    }
  ],
  "meta": {
    "mocha": {
      "version": "7.0.1"
    },
    "mochawesome": {
      "options": {
        "quiet": false,
        "reportFilename": "mochawesome",
        "saveHtml": false,
        "saveJson": true,
        "consoleReporter": "spec",
        "useInlineDiffs": false,
        "code": true
      },
      "version": "7.0.1"
    },
    "marge": {
      "options": {
        "reportDir": "cypress/results",
        "overwrite": false,
        "html": false,
        "json": true
      },
      "version": "6.0.1"
    }
  }
}