{
  "stats": {
    "suites": 1,
    "tests": 1,
    "passes": 1,
    "pending": 0,
    "failures": 0,
    "start": "2021-11-10T07:55:24.715Z",
    "end": "2021-11-10T07:55:30.654Z",
    "duration": 5939,
    "testsRegistered": 1,
    "passPercent": 100,
    "pendingPercent": 0,
    "other": 0,
    "hasOther": false,
    "skipped": 0,
    "hasSkipped": false
  },
  "results": [
    {
      "uuid": "aef0aa05-caa5-4674-8e70-12f841faf987",
      "title": "",
      "fullFile": "cypress/integration/multiple_items_to_basket/multiple_items_to_basket.spec.js",
      "file": "cypress/integration/multiple_items_to_basket/multiple_items_to_basket.spec.js",
      "beforeHooks": [],
      "afterHooks": [],
      "tests": [],
      "suites": [
        {
          "uuid": "b33eda50-cc9b-4df2-b504-bfb2e2411649",
          "title": "Iterating over elements",
          "fullFile": "",
          "file": "",
          "beforeHooks": [],
          "afterHooks": [],
          "tests": [
            {
              "title": "Add items to basket",
              "fullTitle": "Iterating over elements Add items to basket",
              "timedOut": null,
              "duration": 3898,
              "state": "passed",
              "speed": "slow",
              "pass": true,
              "fail": false,
              "pending": false,
              "context": null,
              "code": "haircare.addHaircareProducts();",
              "err": {},
              "uuid": "908e5ccd-5aa6-47b9-9003-db6fabe133b6",
              "parentUUID": "b33eda50-cc9b-4df2-b504-bfb2e2411649",
              "isHook": false,
              "skipped": false
            }
          ],
          "suites": [],
          "passes": [
            "908e5ccd-5aa6-47b9-9003-db6fabe133b6"
          ],
          "failures": [],
          "pending": [],
          "skipped": [],
          "duration": 3898,
          "root": false,
          "rootEmpty": false,
          "_timeout": 2000
        }
      ],
      "passes": [],
      "failures": [],
      "pending": [],
      "skipped": [],
      "duration": 0,
      "root": true,
      "rootEmpty": true,
      "_timeout": 2000
    }
  ],
  "meta": {
    "mocha": {
      "version": "7.0.1"
    },
    "mochawesome": {
      "options": {
        "quiet": false,
        "reportFilename": "mochawesome",
        "saveHtml": false,
        "saveJson": true,
        "consoleReporter": "spec",
        "useInlineDiffs": false,
        "code": true
      },
      "version": "7.0.1"
    },
    "marge": {
      "options": {
        "reportDir": "cypress/results",
        "overwrite": false,
        "html": false,
        "json": true
      },
      "version": "6.0.1"
    }
  }
}